[2024-03-11 15:12:29.256 Control 80554] Starting control daemon using socket /work/1/CCUSC/rkobayashi/github/cuda-samples/mps/.mps.392599/control
[2024-03-11 15:12:29.256 Control 80554] To connect CUDA applications to this daemon, set env CUDA_MPS_PIPE_DIRECTORY=/work/1/CCUSC/rkobayashi/github/cuda-samples/mps/.mps.392599
[2024-03-11 15:12:29.282 Control 80554] Accepting connection...
[2024-03-11 15:12:29.282 Control 80554] User did not send valid credentials
[2024-03-11 15:12:29.282 Control 80554] Accepting connection...
[2024-03-11 15:12:29.282 Control 80554] NEW CLIENT 80556 from user 30837: Server is not ready, push client to pending list
[2024-03-11 15:12:29.282 Control 80558] Starting new server 80558 for user 30837
[2024-03-11 15:12:29.285 Control 80554] Accepting connection...
[2024-03-11 15:12:29.591 Control 80554] NEW SERVER 80558: Ready
[2024-03-11 15:12:29.621 Control 80554] Accepting connection...
[2024-03-11 15:12:29.621 Control 80554] User did not send valid credentials
[2024-03-11 15:12:29.621 Control 80554] Accepting connection...
[2024-03-11 15:12:29.621 Control 80554] NEW CLIENT 80577 from user 30837: Server already exists
[2024-03-11 15:12:29.724 Control 80554] Accepting connection...
[2024-03-11 15:12:29.724 Control 80554] User did not send valid credentials
[2024-03-11 15:12:29.724 Control 80554] Accepting connection...
[2024-03-11 15:12:29.724 Control 80554] NEW CLIENT 80586 from user 30837: Server already exists
[2024-03-11 15:12:29.753 Control 80554] Accepting connection...
[2024-03-11 15:12:29.753 Control 80554] User did not send valid credentials
[2024-03-11 15:12:29.753 Control 80554] Accepting connection...
[2024-03-11 15:12:29.753 Control 80554] NEW CLIENT 80595 from user 30837: Server already exists
[2024-03-11 15:12:30.524 Control 80554] Accepting connection...
[2024-03-11 15:12:30.524 Control 80554] User did not send valid credentials
[2024-03-11 15:12:30.524 Control 80554] Accepting connection...
[2024-03-11 15:12:30.524 Control 80554] NEW CLIENT 80620 from user 30837: Server already exists
[2024-03-11 15:12:30.527 Control 80554] Accepting connection...
[2024-03-11 15:12:30.527 Control 80554] User did not send valid credentials
[2024-03-11 15:12:30.527 Control 80554] Accepting connection...
[2024-03-11 15:12:30.527 Control 80554] NEW CLIENT 80622 from user 30837: Server already exists
[2024-03-11 15:12:30.532 Control 80554] Accepting connection...
[2024-03-11 15:12:30.532 Control 80554] User did not send valid credentials
[2024-03-11 15:12:30.532 Control 80554] Accepting connection...
[2024-03-11 15:12:30.532 Control 80554] NEW CLIENT 80619 from user 30837: Server already exists
[2024-03-11 15:12:30.533 Control 80554] Accepting connection...
[2024-03-11 15:12:30.533 Control 80554] User did not send valid credentials
[2024-03-11 15:12:30.533 Control 80554] Accepting connection...
[2024-03-11 15:12:30.533 Control 80554] NEW CLIENT 80621 from user 30837: Server already exists
[2024-03-11 15:12:30.535 Control 80554] Accepting connection...
[2024-03-11 15:12:30.535 Control 80554] User did not send valid credentials
[2024-03-11 15:12:30.535 Control 80554] Accepting connection...
[2024-03-11 15:12:30.535 Control 80554] NEW CLIENT 80623 from user 30837: Server already exists
[2024-03-11 15:12:30.565 Control 80554] Accepting connection...
[2024-03-11 15:12:30.565 Control 80554] NEW CLIENT 80620 from user 30837: Server already exists
[2024-03-11 15:12:30.573 Control 80554] Accepting connection...
[2024-03-11 15:12:30.573 Control 80554] NEW CLIENT 80622 from user 30837: Server already exists
[2024-03-11 15:12:30.651 Control 80554] Accepting connection...
[2024-03-11 15:12:30.651 Control 80554] NEW CLIENT 80621 from user 30837: Server already exists
[2024-03-11 15:12:30.679 Control 80554] Accepting connection...
[2024-03-11 15:12:30.679 Control 80554] NEW CLIENT 80619 from user 30837: Server already exists
[2024-03-11 15:12:30.682 Control 80554] Accepting connection...
[2024-03-11 15:12:30.682 Control 80554] NEW CLIENT 80623 from user 30837: Server already exists
[2024-03-11 15:13:48.263 Control 80554] Accepting connection...
[2024-03-11 15:13:48.263 Control 80554] NEW UI
[2024-03-11 15:13:48.263 Control 80554] Cmd:quit
[2024-03-11 15:13:48.382 Control 80554] Server 80558 exited with status 0
[2024-03-11 15:13:48.382 Control 80554] Removed Shm file at /cuda.shm.7875.13aae.1
[2024-03-11 15:13:48.382 Control 80554] Exit with status 0
